<?xml version="1.0" encoding="UTF-8"?>
<testsuite xmlns:xsi="http://www.w3.org/2001/XMLSchema-instance" xsi:noNamespaceSchemaLocation="https://maven.apache.org/surefire/maven-surefire-plugin/xsd/surefire-test-report-3.0.xsd" version="3.0" name="tn.esprit.tpfoyer.EtudiantTest" time="1.2" tests="4" errors="0" skipped="0" failures="0">
  <properties>
[...]
</properties>
  <testcase name="testSaveEtudiant" classname="tn.esprit.tpfoyer.EtudiantTest" time="1.105"/>
  <testcase name="testAddReservationToEtudiant" classname="tn.esprit.tpfoyer.EtudiantTest" time="0.046"/>
  <testcase name="testFindEtudiantById" classname="tn.esprit.tpfoyer.EtudiantTest" time="0.003"/>
  <testcase name="testEtudiantAttributes" classname="tn.esprit.tpfoyer.EtudiantTest" time="0.002"/>
</testsuite>